<component name="libraryTable">
  <library name="junit-jupiter-5.9.0-javadoc">
    <CLASSES>
      <root url="jar://$PROJECT_DIR$/lib/junit-jupiter-5.9.0-javadoc.jar!/" />
    </CLASSES>
    <JAVADOC />
    <SOURCES />
  </library>
</component>